# JRE version: Java(TM) SE Runtime Environment (17.0.8+9) (build 17.0.8+9-LTS-211)
# Java VM: Java HotSpot(TM) 64-Bit Server VM (17.0.8+9-LTS-211, mixed mode, sharing, tiered, compressed oops, compressed class ptrs, g1 gc, windows-amd64)
GC Precious Log:
 CPUs: 8 total, 8 available
 Memory: 7502M
 Large Page Support: Disabled
 NUMA Support: Disabled
 Compressed Oops: Enabled (32-bit)
 Heap Region Size: 1M
 Heap Min Capacity: 8M
 Heap Initial Capacity: 118M
 Heap Max Capacity: 1876M
 Pre-touch: Disabled
 Parallel Workers: 8
 Concurrent Workers: 2
 Concurrent Refinement Workers: 8
 Periodic GC: Disabled
Heap:
 garbage-first heap   total 61440K, used 45266K [0x000000008ac00000, 0x0000000100000000)
  region size 1024K, 22 young (22528K), 3 survivors (3072K)
 Metaspace       used 52760K, committed 53248K, reserved 1114112K
  class space    used 7098K, committed 7360K, reserved 1048576K
GC Heap History (20 events):
Event: 4.106 GC heap before
{Heap before GC invocations=2 (full 0):
 garbage-first heap   total 120832K, used 55305K [0x000000008ac00000, 0x0000000100000000)
  region size 1024K, 48 young (49152K), 2 survivors (2048K)
 Metaspace       used 18951K, committed 19200K, reserved 1114112K
  class space    used 2386K, committed 2496K, reserved 1048576K
}
Event: 4.112 GC heap after
{Heap after GC invocations=3 (full 0):
 garbage-first heap   total 120832K, used 12108K [0x000000008ac00000, 0x0000000100000000)
  region size 1024K, 5 young (5120K), 5 survivors (5120K)
 Metaspace       used 18951K, committed 19200K, reserved 1114112K
  class space    used 2386K, committed 2496K, reserved 1048576K
}
Event: 4.740 GC heap before
{Heap before GC invocations=3 (full 0):
 garbage-first heap   total 120832K, used 38732K [0x000000008ac00000, 0x0000000100000000)
  region size 1024K, 32 young (32768K), 5 survivors (5120K)
 Metaspace       used 21273K, committed 21504K, reserved 1114112K
  class space    used 2691K, committed 2816K, reserved 1048576K
}
Event: 4.748 GC heap after
{Heap after GC invocations=4 (full 0):
 garbage-first heap   total 120832K, used 12911K [0x000000008ac00000, 0x0000000100000000)
  region size 1024K, 6 young (6144K), 6 survivors (6144K)
 Metaspace       used 21273K, committed 21504K, reserved 1114112K
  class space    used 2691K, committed 2816K, reserved 1048576K
}
Event: 5.703 GC heap before
{Heap before GC invocations=5 (full 0):
 garbage-first heap   total 51200K, used 37487K [0x000000008ac00000, 0x0000000100000000)
  region size 1024K, 31 young (31744K), 6 survivors (6144K)
 Metaspace       used 24173K, committed 24448K, reserved 1114112K
  class space    used 3122K, committed 3264K, reserved 1048576K
}
Event: 5.716 GC heap after
{Heap after GC invocations=6 (full 0):
 garbage-first heap   total 51200K, used 14857K [0x000000008ac00000, 0x0000000100000000)
  region size 1024K, 6 young (6144K), 6 survivors (6144K)
 Metaspace       used 24173K, committed 24448K, reserved 1114112K
  class space    used 3122K, committed 3264K, reserved 1048576K
}
Event: 6.609 GC heap before
{Heap before GC invocations=6 (full 0):
 garbage-first heap   total 51200K, used 35337K [0x000000008ac00000, 0x0000000100000000)
  region size 1024K, 26 young (26624K), 6 survivors (6144K)
 Metaspace       used 29152K, committed 29504K, reserved 1114112K
  class space    used 3844K, committed 4032K, reserved 1048576K
}
Event: 6.625 GC heap after
{Heap after GC invocations=7 (full 0):
 garbage-first heap   total 51200K, used 16470K [0x000000008ac00000, 0x0000000100000000)
  region size 1024K, 4 young (4096K), 4 survivors (4096K)
 Metaspace       used 29152K, committed 29504K, reserved 1114112K
  class space    used 3844K, committed 4032K, reserved 1048576K
}
Event: 7.807 GC heap before
{Heap before GC invocations=7 (full 0):
 garbage-first heap   total 51200K, used 36950K [0x000000008ac00000, 0x0000000100000000)
  region size 1024K, 24 young (24576K), 4 survivors (4096K)
 Metaspace       used 31925K, committed 32256K, reserved 1114112K
  class space    used 4248K, committed 4416K, reserved 1048576K
}
Event: 7.821 GC heap after
{Heap after GC invocations=8 (full 0):
 garbage-first heap   total 51200K, used 18132K [0x000000008ac00000, 0x0000000100000000)
  region size 1024K, 2 young (2048K), 2 survivors (2048K)
 Metaspace       used 31925K, committed 32256K, reserved 1114112K
  class space    used 4248K, committed 4416K, reserved 1048576K
}
Event: 8.541 GC heap before
{Heap before GC invocations=8 (full 0):
 garbage-first heap   total 51200K, used 37588K [0x000000008ac00000, 0x0000000100000000)
  region size 1024K, 21 young (21504K), 2 survivors (2048K)
 Metaspace       used 34582K, committed 34944K, reserved 1114112K
  class space    used 4625K, committed 4800K, reserved 1048576K
}
Event: 8.554 GC heap after
{Heap after GC invocations=9 (full 0):
 garbage-first heap   total 51200K, used 19370K [0x000000008ac00000, 0x0000000100000000)
  region size 1024K, 3 young (3072K), 3 survivors (3072K)
 Metaspace       used 34582K, committed 34944K, reserved 1114112K
  class space    used 4625K, committed 4800K, reserved 1048576K
}
Event: 8.718 GC heap before
{Heap before GC invocations=9 (full 0):
 garbage-first heap   total 51200K, used 24490K [0x000000008ac00000, 0x0000000100000000)
  region size 1024K, 9 young (9216K), 3 survivors (3072K)
 Metaspace       used 35635K, committed 35968K, reserved 1114112K
  class space    used 4768K, committed 4928K, reserved 1048576K
}
Event: 8.726 GC heap after
{Heap after GC invocations=10 (full 0):
 garbage-first heap   total 61440K, used 20115K [0x000000008ac00000, 0x0000000100000000)
  region size 1024K, 1 young (1024K), 1 survivors (1024K)
 Metaspace       used 35635K, committed 35968K, reserved 1114112K
  class space    used 4768K, committed 4928K, reserved 1048576K
}
Event: 9.903 GC heap before
{Heap before GC invocations=11 (full 0):
 garbage-first heap   total 61440K, used 45715K [0x000000008ac00000, 0x0000000100000000)
  region size 1024K, 26 young (26624K), 1 survivors (1024K)
 Metaspace       used 39560K, committed 39936K, reserved 1114112K
  class space    used 5342K, committed 5504K, reserved 1048576K
}
Event: 9.913 GC heap after
{Heap after GC invocations=12 (full 0):
 garbage-first heap   total 61440K, used 22078K [0x000000008ac00000, 0x0000000100000000)
  region size 1024K, 3 young (3072K), 3 survivors (3072K)
 Metaspace       used 39560K, committed 39936K, reserved 1114112K
  class space    used 5342K, committed 5504K, reserved 1048576K
}
Event: 10.784 GC heap before
{Heap before GC invocations=12 (full 0):
 garbage-first heap   total 61440K, used 45630K [0x000000008ac00000, 0x0000000100000000)
  region size 1024K, 26 young (26624K), 3 survivors (3072K)
 Metaspace       used 45158K, committed 45568K, reserved 1114112K
  class space    used 6070K, committed 6272K, reserved 1048576K
}
Event: 10.798 GC heap after
{Heap after GC invocations=13 (full 0):
 garbage-first heap   total 61440K, used 25650K [0x000000008ac00000, 0x0000000100000000)
  region size 1024K, 4 young (4096K), 4 survivors (4096K)
 Metaspace       used 45158K, committed 45568K, reserved 1114112K
  class space    used 6070K, committed 6272K, reserved 1048576K
}
Event: 22.690 GC heap before
{Heap before GC invocations=13 (full 0):
 garbage-first heap   total 61440K, used 46130K [0x000000008ac00000, 0x0000000100000000)
  region size 1024K, 24 young (24576K), 4 survivors (4096K)
 Metaspace       used 49665K, committed 50112K, reserved 1114112K
  class space    used 6697K, committed 6912K, reserved 1048576K
}
Event: 22.697 GC heap after
{Heap after GC invocations=14 (full 0):
 garbage-first heap   total 61440K, used 27858K [0x000000008ac00000, 0x0000000100000000)
  region size 1024K, 3 young (3072K), 3 survivors (3072K)
 Metaspace       used 49665K, committed 50112K, reserved 1114112K
  class space    used 6697K, committed 6912K, reserved 1048576K
}

